<?xml version="1.0" encoding="UTF-8"?>
<testsuite name="com.rodrigo.quispe.vertx_hello_world.TestMainVerticle" tests="1" skipped="0" failures="0" errors="0" timestamp="2022-02-20T00:40:59" hostname="MacBook-Pro.local" time="0.477">
  <properties/>
  <testcase name="verticle_deployed(Vertx, VertxTestContext)" classname="com.rodrigo.quispe.vertx_hello_world.TestMainVerticle" time="0.477"/>
  <system-out><![CDATA[HTTP server started on port 8888
]]></system-out>
  <system-err><![CDATA[]]></system-err>
</testsuite>
